#
# A fatal error has been detected by the Java Runtime Environment:
#
#  EXCEPTION_ACCESS_VIOLATION (0xc0000005) at pc=0x6280e99e, pid=4564, tid=4396
#
# JRE version: Java(TM) SE Runtime Environment (7.0_67-b01) (build 1.7.0_67-b01)
# Java VM: Java HotSpot(TM) Client VM (24.65-b04 mixed mode, sharing windows-x86 )
# Problematic frame:
# C  [XnVFeatures_1_5_2.dll+0x1ae99e]
#
# Failed to write core dump. Minidumps are not enabled by default on client versions of Windows
#
# If you would like to submit a bug report, please visit:
#   http://bugreport.sun.com/bugreport/crash.jsp
# The crash happened outside the Java Virtual Machine in native code.
# See problematic frame for where to report the bug.
#

---------------  T H R E A D  ---------------

Current thread (0x0236c000):  JavaThread "main" [_thread_in_native, id=4396, stack(0x008c0000,0x00910000)]

siginfo: ExceptionCode=0xc0000005, reading address 0x00000000

Registers:
EAX=0x00000000, EBX=0x628d8154, ECX=0x00000009, EDX=0x09d1a670
ESP=0x0090f684, EBP=0x0090f6b8, ESI=0x628d80e0, EDI=0x628d8bcc
EIP=0x6280e99e, EFLAGS=0x00010287

Top of Stack: (sp=0x0090f684)
0x0090f684:   00000000 628d8d18 0b7bc600 0b796e00
0x0090f694:   628d8bcc 628d8834 00000000 09cdf3bc
0x0090f6a4:   0a3a0020 09cdf3bc 0090fb0c 628a7830
0x0090f6b4:   ffffffff 0090f754 62836546 002c9a57
0x0090f6c4:   00000000 a628bf96 00000005 a628bf96
0x0090f6d4:   00000005 00000000 00000000 00000000
0x0090f6e4:   3ff00000 322d38aa 02b40013 00000009
0x0090f6f4:   f64b5bdd 0090f738 73482ecd 0090f718 

Instructions: (pc=0x6280e99e)
0x6280e97e:   8b 44 c8 14 8d 3c 78 8b 45 cc 89 7d d4 3b d7 8b
0x6280e98e:   7d dc 89 55 d8 8b 55 d0 74 2e 8b 96 c8 a9 00 00
0x6280e99e:   0f b7 08 0f b7 14 4a 8b 4d d8 66 89 11 83 c0 02
0x6280e9ae:   83 c1 02 3b 4d d4 89 4d d8 75 df 8b 47 08 8d 14 


Register to memory mapping:

EAX=0x00000000 is an unknown value
EBX=0x628d8154 is an unknown value
ECX=0x00000009 is an unknown value
EDX=0x09d1a670 is an unknown value
ESP=0x0090f684 is pointing into the stack for thread: 0x0236c000
EBP=0x0090f6b8 is pointing into the stack for thread: 0x0236c000
ESI=0x628d80e0 is an unknown value
EDI=0x628d8bcc is an unknown value


Stack: [0x008c0000,0x00910000],  sp=0x0090f684,  free space=317k
Native frames: (J=compiled Java code, j=interpreted, Vv=VM code, C=native code)
C  [XnVFeatures_1_5_2.dll+0x1ae99e]
C  [XnVFeatures_1_5_2.dll+0x1d6546]
C  [XnVFeatures_1_5_2.dll+0x4666a]
C  [XnVFeatures_1_5_2.dll+0x3a8b1]
C  [OpenNI.jni.dll+0x291b]
j  org.OpenNI.Context.waitAnyUpdateAll()V+4
j  usertracking.prototype.classes.SimpleTracker.updateDepth()V+4
j  usertracking.prototype.gui.TrackerViewBoard.main([Ljava/lang/String;)V+16
v  ~StubRoutines::call_stub
V  [jvm.dll+0x1410fa]
V  [jvm.dll+0x20567e]
V  [jvm.dll+0x14117d]
V  [jvm.dll+0xca7f5]
V  [jvm.dll+0xd5497]
C  [javaw.exe+0x2070]
C  [javaw.exe+0xa601]
C  [javaw.exe+0xa68b]
C  [kernel32.dll+0x1338a]
C  [ntdll.dll+0x39f72]
C  [ntdll.dll+0x39f45]

Java frames: (J=compiled Java code, j=interpreted, Vv=VM code)
j  org.OpenNI.NativeMethods.xnWaitAnyUpdateAll(J)I+0
j  org.OpenNI.Context.waitAnyUpdateAll()V+4
j  usertracking.prototype.classes.SimpleTracker.updateDepth()V+4
j  usertracking.prototype.gui.TrackerViewBoard.main([Ljava/lang/String;)V+16
v  ~StubRoutines::call_stub

---------------  P R O C E S S  ---------------

Java Threads: ( => current thread )
  0x055f7c00 JavaThread "D3D Screen Updater" daemon [_thread_blocked, id=2572, stack(0x05340000,0x05390000)]
  0x055d0000 JavaThread "AWT-EventQueue-0" [_thread_blocked, id=4752, stack(0x04b70000,0x04bc0000)]
  0x055c8400 JavaThread "AWT-Shutdown" [_thread_blocked, id=4016, stack(0x23850000,0x238a0000)]
  0x0234e400 JavaThread "AWT-Windows" daemon [_thread_in_native, id=4228, stack(0x04e10000,0x04e60000)]
  0x0234b400 JavaThread "Java2D Disposer" daemon [_thread_blocked, id=4772, stack(0x02430000,0x02480000)]
  0x02307c00 JavaThread "Service Thread" daemon [_thread_blocked, id=3224, stack(0x048f0000,0x04940000)]
  0x02303400 JavaThread "C1 CompilerThread0" daemon [_thread_blocked, id=3880, stack(0x04a60000,0x04ab0000)]
  0x02302000 JavaThread "Attach Listener" daemon [_thread_blocked, id=4400, stack(0x04890000,0x048e0000)]
  0x022fec00 JavaThread "Signal Dispatcher" daemon [_thread_blocked, id=5068, stack(0x04730000,0x04780000)]
  0x0228f400 JavaThread "Finalizer" daemon [_thread_blocked, id=3340, stack(0x047c0000,0x04810000)]
  0x0228dc00 JavaThread "Reference Handler" daemon [_thread_blocked, id=548, stack(0x02500000,0x02550000)]
=>0x0236c000 JavaThread "main" [_thread_in_native, id=4396, stack(0x008c0000,0x00910000)]

Other Threads:
  0x0228c000 VMThread [stack: 0x04620000,0x04670000] [id=3096]
  0x0231e000 WatcherThread [stack: 0x00870000,0x008c0000] [id=4264]

VM state:not at safepoint (normal execution)

VM Mutex/Monitor currently owned by a thread: None

Heap
 def new generation   total 4928K, used 2958K [0x24400000, 0x24950000, 0x29950000)
  eden space 4416K,  66% used [0x24400000, 0x246e38b8, 0x24850000)
  from space 512K,   0% used [0x24850000, 0x24850000, 0x248d0000)
  to   space 512K,   0% used [0x248d0000, 0x248d0000, 0x24950000)
 tenured generation   total 10944K, used 0K [0x29950000, 0x2a400000, 0x34400000)
   the space 10944K,   0% used [0x29950000, 0x29950000, 0x29950200, 0x2a400000)
 compacting perm gen  total 12288K, used 1055K [0x34400000, 0x35000000, 0x38400000)
   the space 12288K,   8% used [0x34400000, 0x34507f60, 0x34508000, 0x35000000)
    ro space 10240K,  42% used [0x38400000, 0x38834650, 0x38834800, 0x38e00000)
    rw space 12288K,  52% used [0x38e00000, 0x3944be40, 0x3944c000, 0x39a00000)

Card table byte_map: [0x00d50000,0x00e00000] byte_map_base: 0x00c2e000

Polling page: 0x00130000

Code Cache  [0x02590000, 0x02640000, 0x04590000)
 total_blobs=271 nmethods=54 adapters=154 free_code_cache=32085Kb largest_free_block=32855424

Compilation events (10 events):
Event: 1.930 Thread 0x02303400   49             java.nio.ByteBufferAsCharBufferB::ix (9 bytes)
Event: 1.930 Thread 0x02303400 nmethod 49 0x026383c8 code [0x026384c0, 0x02638540]
Event: 1.931 Thread 0x02303400   50             sun.font.CMap$CMapFormat4::<init> (342 bytes)
Event: 1.931 Thread 0x02303400 nmethod 50 0x02638588 code [0x026387c0, 0x02638fa0]
Event: 1.938 Thread 0x02303400   52             sun.java2d.loops.GraphicsPrimitive::getUniqueID (5 bytes)
Event: 1.938 Thread 0x02303400 nmethod 52 0x02639b88 code [0x02639c80, 0x02639d00]
Event: 1.938 Thread 0x02303400   53             sun.java2d.loops.GraphicsPrimitiveMgr$1::compare (39 bytes)
Event: 1.938 Thread 0x02303400 nmethod 53 0x02639d48 code [0x02639e50, 0x02639f60]
Event: 1.938 Thread 0x02303400   54             java.util.TimSort::binarySort (223 bytes)
Event: 1.939 Thread 0x02303400 nmethod 54 0x0263a048 code [0x0263a180, 0x0263a548]

GC Heap History (0 events):
No events

Deoptimization events (0 events):
No events

Internal exceptions (10 events):
Event: 1.914 Thread 0x0236c000 Threw 0x246af600 at C:\re\jdk7u67\1368\hotspot\src\share\vm\prims\jvm.cpp:1244
Event: 1.914 Thread 0x0236c000 Threw 0x246af718 at C:\re\jdk7u67\1368\hotspot\src\share\vm\prims\jvm.cpp:1244
Event: 1.914 Thread 0x0236c000 Threw 0x246b1138 at C:\re\jdk7u67\1368\hotspot\src\share\vm\prims\jvm.cpp:1244
Event: 1.914 Thread 0x0236c000 Threw 0x246b1250 at C:\re\jdk7u67\1368\hotspot\src\share\vm\prims\jvm.cpp:1244
Event: 1.920 Thread 0x0236c000 Threw 0x246b3880 at C:\re\jdk7u67\1368\hotspot\src\share\vm\prims\jvm.cpp:1244
Event: 1.920 Thread 0x0236c000 Threw 0x246b59e0 at C:\re\jdk7u67\1368\hotspot\src\share\vm\prims\jvm.cpp:1244
Event: 1.921 Thread 0x0236c000 Threw 0x246b7ea8 at C:\re\jdk7u67\1368\hotspot\src\share\vm\prims\jvm.cpp:1244
Event: 1.921 Thread 0x0236c000 Threw 0x246b8cb0 at C:\re\jdk7u67\1368\hotspot\src\share\vm\prims\jvm.cpp:1244
Event: 1.922 Thread 0x0236c000 Threw 0x246ba5f8 at C:\re\jdk7u67\1368\hotspot\src\share\vm\prims\jvm.cpp:1244
Event: 1.922 Thread 0x0236c000 Threw 0x246bb450 at C:\re\jdk7u67\1368\hotspot\src\share\vm\prims\jvm.cpp:1244

Events (10 events):
Event: 1.945 loading class 0x39b3d748
Event: 1.945 loading class 0x39b3d748 done
Event: 1.945 loading class 0x39abcdf0
Event: 1.945 loading class 0x39abcdf0 done
Event: 1.945 loading class 0x05592c68
Event: 1.945 loading class 0x39a6c7a0
Event: 1.945 loading class 0x39a6c7a0 done
Event: 1.945 loading class 0x05592c68 done
Event: 1.948 loading class 0x39a421f0
Event: 1.948 loading class 0x39a421f0 done


Dynamic libraries:
0x00e20000 - 0x00e4f000 	C:\java\bin\javaw.exe
0x772a0000 - 0x77420000 	C:\Windows\SysWOW64\ntdll.dll
0x74db0000 - 0x74ec0000 	C:\Windows\syswow64\kernel32.dll
0x76d70000 - 0x76db7000 	C:\Windows\syswow64\KERNELBASE.dll
0x75c20000 - 0x75cc0000 	C:\Windows\syswow64\ADVAPI32.dll
0x76480000 - 0x7652c000 	C:\Windows\syswow64\msvcrt.dll
0x76d50000 - 0x76d69000 	C:\Windows\SysWOW64\sechost.dll
0x76390000 - 0x76480000 	C:\Windows\syswow64\RPCRT4.dll
0x74c90000 - 0x74cf0000 	C:\Windows\syswow64\SspiCli.dll
0x74c80000 - 0x74c8c000 	C:\Windows\syswow64\CRYPTBASE.dll
0x75b10000 - 0x75c10000 	C:\Windows\syswow64\USER32.dll
0x761b0000 - 0x76240000 	C:\Windows\syswow64\GDI32.dll
0x77270000 - 0x7727a000 	C:\Windows\syswow64\LPK.dll
0x76e00000 - 0x76e9d000 	C:\Windows\syswow64\USP10.dll
0x744a0000 - 0x7463e000 	C:\Windows\WinSxS\x86_microsoft.windows.common-controls_6595b64144ccf1df_6.0.7601.17514_none_41e6975e2bd6f2b2\COMCTL32.dll
0x76790000 - 0x767e7000 	C:\Windows\syswow64\SHLWAPI.dll
0x76b10000 - 0x76b70000 	C:\Windows\system32\IMM32.DLL
0x766c0000 - 0x7678c000 	C:\Windows\syswow64\MSCTF.dll
0x6d680000 - 0x6d73f000 	C:\java\bin\msvcr100.dll
0x6d860000 - 0x6dbe8000 	C:\java\bin\client\jvm.dll
0x71370000 - 0x71377000 	C:\Windows\system32\WSOCK32.dll
0x75ed0000 - 0x75f05000 	C:\Windows\syswow64\WS2_32.dll
0x75c10000 - 0x75c16000 	C:\Windows\syswow64\NSI.dll
0x73820000 - 0x73852000 	C:\Windows\system32\WINMM.dll
0x760b0000 - 0x760b5000 	C:\Windows\syswow64\PSAPI.DLL
0x733c0000 - 0x733cc000 	C:\java\bin\verify.dll
0x71330000 - 0x71350000 	C:\java\bin\java.dll
0x71350000 - 0x71363000 	C:\java\bin\zip.dll
0x6d3d0000 - 0x6d513000 	C:\java\bin\awt.dll
0x760c0000 - 0x7614f000 	C:\Windows\syswow64\OLEAUT32.dll
0x76530000 - 0x7668c000 	C:\Windows\syswow64\ole32.dll
0x73ca0000 - 0x73cb3000 	C:\Windows\system32\DWMAPI.DLL
0x74390000 - 0x74410000 	C:\Windows\system32\uxtheme.dll
0x6ebc0000 - 0x6ed83000 	C:\Windows\system32\d3d9.dll
0x74bb0000 - 0x74bb9000 	C:\Windows\system32\VERSION.dll
0x73ad0000 - 0x73ad6000 	C:\Windows\system32\d3d8thk.dll
0x73b30000 - 0x73bec000 	C:\Windows\system32\aticfx32.dll
0x74380000 - 0x7438b000 	C:\Windows\system32\atiu9pag.dll
0x6a4f0000 - 0x6a91d000 	C:\Windows\system32\atiumdag.dll
0x6a940000 - 0x6ad49000 	C:\Windows\system32\atiumdva.dll
0x74ec0000 - 0x75b0a000 	C:\Windows\syswow64\SHELL32.dll
0x6efb0000 - 0x6efcd000 	C:\Program Files (x86)\OpenNI\Bin\OpenNI.jni.dll
0x6ee60000 - 0x6eeb0000 	C:\Program Files (x86)\OpenNI\Bin\OpenNI.dll
0x75f10000 - 0x760ad000 	C:\Windows\syswow64\SETUPAPI.dll
0x76dd0000 - 0x76df7000 	C:\Windows\syswow64\CFGMGR32.dll
0x76af0000 - 0x76b02000 	C:\Windows\syswow64\DEVOBJ.dll
0x73450000 - 0x734f3000 	C:\Windows\WinSxS\x86_microsoft.vc90.crt_1fc8b3b9a1e18e3b_9.0.30729.4974_none_50940634bcb759cb\MSVCR90.dll
0x6efd0000 - 0x6efe8000 	C:\Program Files (x86)\OpenNI\bin\nimRecorder.dll
0x6ef90000 - 0x6efaa000 	C:\Program Files (x86)\OpenNI\bin\nimMockNodes.dll
0x6edb0000 - 0x6edf9000 	C:\Program Files (x86)\OpenNI\bin\nimCodecs.dll
0x6ee20000 - 0x6ee55000 	C:\Program Files (x86)\PrimeSense\Sensor\Bin\XnDeviceFile.dll
0x6ef80000 - 0x6ef8d000 	C:\Program Files (x86)\PrimeSense\Sensor\Bin\XnCore.dll
0x6d760000 - 0x6d7dd000 	C:\Program Files (x86)\PrimeSense\Sensor\Bin\XnDDK.dll
0x6d800000 - 0x6d85b000 	C:\Program Files (x86)\PrimeSense\Sensor\Bin\XnFormats.dll
0x6d5f0000 - 0x6d673000 	C:\Program Files (x86)\PrimeSense\Sensor\Bin\XnDeviceSensorV2.dll
0x6c220000 - 0x6c4b8000 	C:\Program Files (x86)\PrimeSense\NITE\Features_1_3_0\Bin\XnVFeatures_1_3_0.dll
0x6d560000 - 0x6d5ee000 	C:\Windows\WinSxS\x86_microsoft.vc90.crt_1fc8b3b9a1e18e3b_9.0.30729.4974_none_50940634bcb759cb\MSVCP90.dll
0x67710000 - 0x6795f000 	C:\Program Files (x86)\PrimeSense\NITE\Features_1_3_1\Bin\XnVFeatures_1_3_1.dll
0x63040000 - 0x63259000 	C:\Program Files (x86)\PrimeSense\NITE\Features_1_4_1\Bin\XnVFeatures_1_4_1.dll
0x63260000 - 0x63476000 	C:\Program Files (x86)\PrimeSense\NITE\Features_1_4_2\Bin\XnVFeatures_1_4_2.dll
0x62660000 - 0x62967000 	C:\Program Files (x86)\PrimeSense\NITE\Features_1_5_2\Bin\XnVFeatures_1_5_2.dll
0x6d2f0000 - 0x6d3c7000 	C:\Program Files (x86)\PrimeSense\NITE\Hands_1_3_0\Bin\XnVHandGenerator_1_3_0.dll
0x6d100000 - 0x6d1dc000 	C:\Program Files (x86)\PrimeSense\NITE\Hands_1_3_1\Bin\XnVHandGenerator_1_3_1.dll
0x67260000 - 0x6733d000 	C:\Program Files (x86)\PrimeSense\NITE\Hands_1_4_1\Bin\XnVHandGenerator_1_4_1.dll
0x67180000 - 0x6725d000 	C:\Program Files (x86)\PrimeSense\NITE\Hands_1_4_2\Bin\XnVHandGenerator_1_4_2.dll
0x666a0000 - 0x6678c000 	C:\Program Files (x86)\PrimeSense\NITE\Hands_1_5_2\Bin\XnVHandGenerator_1_5_2.dll
0x76690000 - 0x766be000 	C:\Windows\syswow64\WINTRUST.dll
0x76240000 - 0x76360000 	C:\Windows\syswow64\CRYPT32.dll
0x76a20000 - 0x76a2c000 	C:\Windows\syswow64\MSASN1.dll
0x739c0000 - 0x73a0c000 	C:\Windows\system32\apphelp.dll
0x73340000 - 0x7337c000 	C:\Windows\system32\mswsock.dll
0x733d0000 - 0x733d5000 	C:\Windows\System32\wshtcpip.dll
0x6dce0000 - 0x6dd19000 	C:\java\bin\fontmanager.dll
0x6f010000 - 0x6f024000 	C:\java\bin\net.dll
0x73b10000 - 0x73b16000 	C:\Windows\System32\wship6.dll
0x71320000 - 0x7132f000 	C:\java\bin\nio.dll
0x6d530000 - 0x6d560000 	C:\java\bin\t2k.dll
0x62f50000 - 0x6303b000 	C:\Windows\system32\dbghelp.dll

VM Arguments:
jvm_args: -Dfile.encoding=Cp1252 
java_command: usertracking.prototype.gui.TrackerViewBoard
Launcher Type: SUN_STANDARD

Environment Variables:
JAVA_HOME=C:\java\jdk1.7.0_67
CLASSPATH=C:\Program Files\OpenNI\Bin64\org.OpenNI.jar;C:\Program Files (x86)\OpenNI\Bin\org.OpenNI.jar
PATH=C:/java/bin/client;C:/java/bin;C:/java/lib/i386;C:\Program Files (x86)\AMD APP\bin\x86_64;C:\Program Files (x86)\AMD APP\bin\x86;C:\Windows\system32;C:\Windows;C:\Windows\System32\Wbem;C:\Windows\System32\WindowsPowerShell\v1.0\;C:\Program Files (x86)\ATI Technologies\ATI.ACE\Core-Static;C:\Program Files (x86)\Estonian ID Card\;C:\Program Files\OpenNI\Bin64;C:\Program Files (x86)\OpenNI\Bin;C:\Program Files\PrimeSense\NITE\bin64;C:\Program Files (x86)\PrimeSense\NITE\bin;C:\java\jdk1.7.0_67\bin;C:\Program Files\TortoiseSVN\bin;C:\JDT\eclipse;
USERNAME=homeuser
OS=Windows_NT
PROCESSOR_IDENTIFIER=Intel64 Family 6 Model 42 Stepping 7, GenuineIntel



---------------  S Y S T E M  ---------------

OS: Windows 7 , 64 bit Build 7601 Service Pack 1

CPU:total 4 (4 cores per cpu, 1 threads per core) family 6 model 42 stepping 7, cmov, cx8, fxsr, mmx, sse, sse2, sse3, ssse3, sse4.1, sse4.2, popcnt, avx, tsc, tscinvbit

Memory: 4k page, physical 8368444k(5811784k free), swap 16735024k(13465076k free)

vm_info: Java HotSpot(TM) Client VM (24.65-b04) for windows-x86 JRE (1.7.0_67-b01), built on Jul 25 2014 10:20:53 by "java_re" with unknown MS VC++:1600

time: Sat Sep 27 22:50:45 2014
elapsed time: 1 seconds

