#
# A fatal error has been detected by the Java Runtime Environment:
#
#  EXCEPTION_ACCESS_VIOLATION (0xc0000005) at pc=0x5e8b7aae, pid=2156, tid=5772
#
# JRE version: Java(TM) SE Runtime Environment (8.0_31-b13) (build 1.8.0_31-b13)
# Java VM: Java HotSpot(TM) Client VM (25.31-b07 mixed mode, sharing windows-x86 )
# Problematic frame:
# C  [XnVFeatures_1_5_2.dll+0x97aae]
#
# Failed to write core dump. Minidumps are not enabled by default on client versions of Windows
#
# If you would like to submit a bug report, please visit:
#   http://bugreport.java.com/bugreport/crash.jsp
# The crash happened outside the Java Virtual Machine in native code.
# See problematic frame for where to report the bug.
#

---------------  T H R E A D  ---------------

Current thread (0x28d47c00):  JavaThread "Thread-5" [_thread_in_native, id=5772, stack(0x165a0000,0x165f0000)]

siginfo: ExceptionCode=0xc0000005, reading address 0x2b4d5828

Registers:
EAX=0x2b4b4010, EBX=0x00000000, ECX=0x165ef1ac, EDX=0x00000001
ESP=0x165ef16c, EBP=0x165ef1b8, ESI=0x165ef1ac, EDI=0x28d47c00
EIP=0x5e8b7aae, EFLAGS=0x00010202

Top of Stack: (sp=0x165ef16c)
0x165ef16c:   5e85b880 00000002 718a347c 1a6672fc
0x165ef17c:   00000002 718e6830 15e3d158 00000002
0x165ef18c:   023196af 28d47d38 165ef1ac 15e3d158
0x165ef19c:   00000000 00000002 098cdd30 098cdd30
0x165ef1ac:   09884be0 0436d970 00000000 165ef25c
0x165ef1bc:   023dbd4c 15e3d158 00000000 165ef35c
0x165ef1cc:   00000000 001a0018 665e96b8 005b4d60
0x165ef1dc:   00000000 00000000 165ef1d0 00000000 

Instructions: (pc=0x5e8b7aae)
0x5e8b7a8e:   00 00 ff 74 24 04 81 c1 60 a3 ff ff e8 11 fa 05
0x5e8b7a9e:   00 85 c0 74 2a 0f b6 90 30 0c 03 00 85 d2 74 24
0x5e8b7aae:   0f b6 90 18 18 02 00 85 d2 74 14 ba 01 00 00 00
0x5e8b7abe:   83 78 08 00 b8 00 00 00 00 0f 44 c2 c2 04 00 33 


Register to memory mapping:

EAX=0x2b4b4010 is an unknown value
EBX=0x00000000 is an unknown value
ECX=0x165ef1ac is pointing into the stack for thread: 0x28d47c00
EDX=0x00000001 is an unknown value
ESP=0x165ef16c is pointing into the stack for thread: 0x28d47c00
EBP=0x165ef1b8 is pointing into the stack for thread: 0x28d47c00
ESI=0x165ef1ac is pointing into the stack for thread: 0x28d47c00
EDI=0x28d47c00 is a thread


Stack: [0x165a0000,0x165f0000],  sp=0x165ef16c,  free space=316k
Native frames: (J=compiled Java code, j=interpreted, Vv=VM code, C=native code)
C  [XnVFeatures_1_5_2.dll+0x97aae]
J 1493 C1 usertracking.prototype.classes.SimpleTracker$UserProfileThread.run()V (117 bytes) @ 0x023dbd4c [0x023dbcf0+0x5c]
v  ~StubRoutines::call_stub
V  [jvm.dll+0x1473e5]
V  [jvm.dll+0x20d57e]
V  [jvm.dll+0x14747e]
V  [jvm.dll+0x147606]
V  [jvm.dll+0x147677]
V  [jvm.dll+0xf09df]
V  [jvm.dll+0x169acc]
V  [jvm.dll+0x16a35a]
V  [jvm.dll+0x1af0a6]
C  [msvcr100.dll+0x5c556]
C  [msvcr100.dll+0x5c600]
C  [KERNEL32.DLL+0x1919f]
C  [ntdll.dll+0x50bbb]
C  [ntdll.dll+0x50b91]
C  0x00000000

Java frames: (J=compiled Java code, j=interpreted, Vv=VM code)
J 1034  org.OpenNI.NativeMethods.xnIsSkeletonTracking(JI)Z (0 bytes) @ 0x0231966b [0x02319620+0x4b]
J 1493 C1 usertracking.prototype.classes.SimpleTracker$UserProfileThread.run()V (117 bytes) @ 0x023dbd4c [0x023dbcf0+0x5c]
v  ~StubRoutines::call_stub

---------------  P R O C E S S  ---------------

Java Threads: ( => current thread )
=>0x28d47c00 JavaThread "Thread-5" [_thread_in_native, id=5772, stack(0x165a0000,0x165f0000)]
  0x15049400 JavaThread "TimerQueue" daemon [_thread_blocked, id=1488, stack(0x266c0000,0x26710000)]
  0x14fd5400 JavaThread "AWT-EventQueue-0" [_thread_blocked, id=5580, stack(0x25ea0000,0x25ef0000)]
  0x14fda800 JavaThread "AWT-Shutdown" [_thread_blocked, id=5652, stack(0x25e10000,0x25e60000)]
  0x14f51400 JavaThread "AWT-Windows" daemon [_thread_in_native, id=6136, stack(0x15370000,0x153c0000)]
  0x14f4fc00 JavaThread "Java2D Disposer" daemon [_thread_blocked, id=4128, stack(0x15250000,0x152a0000)]
  0x00b33400 JavaThread "Service Thread" daemon [_thread_blocked, id=1376, stack(0x14e30000,0x14e80000)]
  0x00b03000 JavaThread "C1 CompilerThread0" daemon [_thread_blocked, id=5632, stack(0x14da0000,0x14df0000)]
  0x00b01c00 JavaThread "Attach Listener" daemon [_thread_blocked, id=3196, stack(0x147a0000,0x147f0000)]
  0x00affc00 JavaThread "Signal Dispatcher" daemon [_thread_blocked, id=3264, stack(0x14710000,0x14760000)]
  0x00a98400 JavaThread "Finalizer" daemon [_thread_blocked, id=6056, stack(0x14660000,0x146b0000)]
  0x00a96000 JavaThread "Reference Handler" daemon [_thread_blocked, id=2000, stack(0x04170000,0x041c0000)]
  0x00b7cc00 JavaThread "main" [_thread_in_native, id=5852, stack(0x00560000,0x005b0000)]

Other Threads:
  0x00a94400 VMThread [stack: 0x00cb0000,0x00d00000] [id=1432]
  0x00b37400 WatcherThread [stack: 0x14ec0000,0x14f10000] [id=5744]

VM state:not at safepoint (normal execution)

VM Mutex/Monitor currently owned by a thread: None

Heap:
 def new generation   total 4992K, used 88K [0x04200000, 0x04760000, 0x09750000)
  eden space 4480K,   1% used [0x04200000, 0x042161e8, 0x04660000)
  from space 512K,   0% used [0x04660000, 0x04660000, 0x046e0000)
  to   space 512K,   0% used [0x046e0000, 0x046e0000, 0x04760000)
 tenured generation   total 10944K, used 5258K [0x09750000, 0x0a200000, 0x14200000)
   the space 10944K,  48% used [0x09750000, 0x09c72948, 0x09c72a00, 0x0a200000)
 Metaspace       used 937K, capacity 2645K, committed 2752K, reserved 4480K

Card table byte_map: [0x00b80000,0x00c10000] byte_map_base: 0x00b5f000

Polling page: 0x004b0000

CodeCache: size=32768Kb used=2769Kb max_used=2769Kb free=29998Kb
 bounds [0x02130000, 0x023e8000, 0x04130000]
 total_blobs=1751 nmethods=1516 adapters=165
 compilation: enabled

Compilation events (10 events):
Event: 177.986 Thread 0x00b03000 1512             java.awt.Component::contains (7 bytes)
Event: 177.987 Thread 0x00b03000 nmethod 1512 0x023e2808 code [0x023e2900, 0x023e29c0]
Event: 178.312 Thread 0x00b03000 1513             java.awt.Component::getCursor_NoClientCode (30 bytes)
Event: 178.312 Thread 0x00b03000 nmethod 1513 0x023e2a08 code [0x023e2b30, 0x023e2c64]
Event: 179.185 Thread 0x00b03000 1514             java.awt.event.InputEvent::isConsumed (5 bytes)
Event: 179.185 Thread 0x00b03000 nmethod 1514 0x023e2d88 code [0x023e2e80, 0x023e2f00]
Event: 179.752 Thread 0x00b03000 1515             java.awt.Container$MouseEventTargetFilter::accept (66 bytes)
Event: 179.752 Thread 0x00b03000 nmethod 1515 0x023e2f48 code [0x023e3040, 0x023e3170]
Event: 179.758 Thread 0x00b03000 1516             java.awt.event.InputEvent::getModifiers (8 bytes)
Event: 179.758 Thread 0x00b03000 nmethod 1516 0x023e31c8 code [0x023e32c0, 0x023e3340]

GC Heap History (10 events):
Event: 182.039 GC heap before
{Heap before GC invocations=1030 (full 1):
 def new generation   total 4992K, used 4697K [0x04200000, 0x04760000, 0x09750000)
  eden space 4480K, 100% used [0x04200000, 0x04660000, 0x04660000)
  from space 512K,  42% used [0x04660000, 0x04696618, 0x046e0000)
  to   space 512K,   0% used [0x046e0000, 0x046e0000, 0x04760000)
 tenured generation   total 10944K, used 6645K [0x09750000, 0x0a200000, 0x14200000)
   the space 10944K,  60% used [0x09750000, 0x09dcd608, 0x09dcd800, 0x0a200000)
 Metaspace       used 937K, capacity 2645K, committed 2752K, reserved 4480K
Event: 182.040 GC heap after
Heap after GC invocations=1031 (full 1):
 def new generation   total 4992K, used 393K [0x04200000, 0x04760000, 0x09750000)
  eden space 4480K,   0% used [0x04200000, 0x04200000, 0x04660000)
  from space 512K,  76% used [0x046e0000, 0x047427c0, 0x04760000)
  to   space 512K,   0% used [0x04660000, 0x04660000, 0x046e0000)
 tenured generation   total 10944K, used 6645K [0x09750000, 0x0a200000, 0x14200000)
   the space 10944K,  60% used [0x09750000, 0x09dcd608, 0x09dcd800, 0x0a200000)
 Metaspace       used 937K, capacity 2645K, committed 2752K, reserved 4480K
}
Event: 182.076 GC heap before
{Heap before GC invocations=1031 (full 1):
 def new generation   total 4992K, used 4812K [0x04200000, 0x04760000, 0x09750000)
  eden space 4480K,  98% used [0x04200000, 0x04650a60, 0x04660000)
  from space 512K,  76% used [0x046e0000, 0x047427c0, 0x04760000)
  to   space 512K,   0% used [0x04660000, 0x04660000, 0x046e0000)
 tenured generation   total 10944K, used 6645K [0x09750000, 0x0a200000, 0x14200000)
   the space 10944K,  60% used [0x09750000, 0x09dcd608, 0x09dcd800, 0x0a200000)
 Metaspace       used 937K, capacity 2645K, committed 2752K, reserved 4480K
Event: 182.077 GC heap after
Heap after GC invocations=1032 (full 1):
 def new generation   total 4992K, used 116K [0x04200000, 0x04760000, 0x09750000)
  eden space 4480K,   0% used [0x04200000, 0x04200000, 0x04660000)
  from space 512K,  22% used [0x04660000, 0x0467d0b0, 0x046e0000)
  to   space 512K,   0% used [0x046e0000, 0x046e0000, 0x04760000)
 tenured generation   total 10944K, used 6649K [0x09750000, 0x0a200000, 0x14200000)
   the space 10944K,  60% used [0x09750000, 0x09dce6f0, 0x09dce800, 0x0a200000)
 Metaspace       used 937K, capacity 2645K, committed 2752K, reserved 4480K
}
Event: 182.111 GC heap before
{Heap before GC invocations=1032 (full 1):
 def new generation   total 4992K, used 4596K [0x04200000, 0x04760000, 0x09750000)
  eden space 4480K, 100% used [0x04200000, 0x04660000, 0x04660000)
  from space 512K,  22% used [0x04660000, 0x0467d0b0, 0x046e0000)
  to   space 512K,   0% used [0x046e0000, 0x046e0000, 0x04760000)
 tenured generation   total 10944K, used 6649K [0x09750000, 0x0a200000, 0x14200000)
   the space 10944K,  60% used [0x09750000, 0x09dce6f0, 0x09dce800, 0x0a200000)
 Metaspace       used 937K, capacity 2645K, committed 2752K, reserved 4480K
Event: 182.112 GC heap after
Heap after GC invocations=1033 (full 1):
 def new generation   total 4992K, used 363K [0x04200000, 0x04760000, 0x09750000)
  eden space 4480K,   0% used [0x04200000, 0x04200000, 0x04660000)
  from space 512K,  70% used [0x046e0000, 0x0473ace0, 0x04760000)
  to   space 512K,   0% used [0x04660000, 0x04660000, 0x046e0000)
 tenured generation   total 10944K, used 6649K [0x09750000, 0x0a200000, 0x14200000)
   the space 10944K,  60% used [0x09750000, 0x09dce6f0, 0x09dce800, 0x0a200000)
 Metaspace       used 937K, capacity 2645K, committed 2752K, reserved 4480K
}
Event: 182.149 GC heap before
{Heap before GC invocations=1033 (full 1):
 def new generation   total 4992K, used 4797K [0x04200000, 0x04760000, 0x09750000)
  eden space 4480K,  98% used [0x04200000, 0x046548a8, 0x04660000)
  from space 512K,  70% used [0x046e0000, 0x0473ace0, 0x04760000)
  to   space 512K,   0% used [0x04660000, 0x04660000, 0x046e0000)
 tenured generation   total 10944K, used 6649K [0x09750000, 0x0a200000, 0x14200000)
   the space 10944K,  60% used [0x09750000, 0x09dce6f0, 0x09dce800, 0x0a200000)
 Metaspace       used 937K, capacity 2645K, committed 2752K, reserved 4480K
Event: 182.150 GC heap after
Heap after GC invocations=1034 (full 1):
 def new generation   total 4992K, used 42K [0x04200000, 0x04760000, 0x09750000)
  eden space 4480K,   0% used [0x04200000, 0x04200000, 0x04660000)
  from space 512K,   8% used [0x04660000, 0x0466ab40, 0x046e0000)
  to   space 512K,   0% used [0x046e0000, 0x046e0000, 0x04760000)
 tenured generation   total 10944K, used 6651K [0x09750000, 0x0a200000, 0x14200000)
   the space 10944K,  60% used [0x09750000, 0x09dcef10, 0x09dcf000, 0x0a200000)
 Metaspace       used 937K, capacity 2645K, committed 2752K, reserved 4480K
}
Event: 195.423 GC heap before
{Heap before GC invocations=1034 (full 1):
 def new generation   total 4992K, used 4200K [0x04200000, 0x04760000, 0x09750000)
  eden space 4480K,  92% used [0x04200000, 0x0460f790, 0x04660000)
  from space 512K,   8% used [0x04660000, 0x0466ab40, 0x046e0000)
  to   space 512K,   0% used [0x046e0000, 0x046e0000, 0x04760000)
 tenured generation   total 10944K, used 6651K [0x09750000, 0x0a200000, 0x14200000)
   the space 10944K,  60% used [0x09750000, 0x09dcef10, 0x09dcf000, 0x0a200000)
 Metaspace       used 937K, capacity 2645K, committed 2752K, reserved 4480K
Event: 195.438 GC heap after
Heap after GC invocations=1035 (full 2):
 def new generation   total 4992K, used 0K [0x04200000, 0x04760000, 0x09750000)
  eden space 4480K,   0% used [0x04200000, 0x04200000, 0x04660000)
  from space 512K,   0% used [0x04660000, 0x04660000, 0x046e0000)
  to   space 512K,   0% used [0x046e0000, 0x046e0000, 0x04760000)
 tenured generation   total 10944K, used 5258K [0x09750000, 0x0a200000, 0x14200000)
   the space 10944K,  48% used [0x09750000, 0x09c72948, 0x09c72a00, 0x0a200000)
 Metaspace       used 937K, capacity 2645K, committed 2752K, reserved 4480K
}

Deoptimization events (0 events):
No events

Internal exceptions (10 events):
Event: 8.665 Thread 0x00b7cc00 Exception <a 'java/security/PrivilegedActionException'> (0x04567fa0) thrown at [C:\re\workspace\8-2-build-windows-i586-cygwin\jdk8u31\2394\hotspot\src\share\vm\prims\jvm.cpp, line 1312]
Event: 8.668 Thread 0x00b7cc00 Exception <a 'java/security/PrivilegedActionException'> (0x045b9830) thrown at [C:\re\workspace\8-2-build-windows-i586-cygwin\jdk8u31\2394\hotspot\src\share\vm\prims\jvm.cpp, line 1312]
Event: 8.675 Thread 0x00b7cc00 Exception <a 'java/security/PrivilegedActionException'> (0x045bbb78) thrown at [C:\re\workspace\8-2-build-windows-i586-cygwin\jdk8u31\2394\hotspot\src\share\vm\prims\jvm.cpp, line 1312]
Event: 8.681 Thread 0x00b7cc00 Exception <a 'java/security/PrivilegedActionException'> (0x045bdd50) thrown at [C:\re\workspace\8-2-build-windows-i586-cygwin\jdk8u31\2394\hotspot\src\share\vm\prims\jvm.cpp, line 1312]
Event: 8.687 Thread 0x00b7cc00 Exception <a 'java/security/PrivilegedActionException'> (0x045bfcd0) thrown at [C:\re\workspace\8-2-build-windows-i586-cygwin\jdk8u31\2394\hotspot\src\share\vm\prims\jvm.cpp, line 1312]
Event: 8.694 Thread 0x272eec00 Exception <a 'java/security/PrivilegedActionException'> (0x045d7660) thrown at [C:\re\workspace\8-2-build-windows-i586-cygwin\jdk8u31\2394\hotspot\src\share\vm\prims\jvm.cpp, line 1312]
Event: 8.696 Thread 0x272eec00 Exception <a 'java/security/PrivilegedActionException'> (0x045daec0) thrown at [C:\re\workspace\8-2-build-windows-i586-cygwin\jdk8u31\2394\hotspot\src\share\vm\prims\jvm.cpp, line 1312]
Event: 8.697 Thread 0x272eec00 Exception <a 'java/security/PrivilegedActionException'> (0x045dee20) thrown at [C:\re\workspace\8-2-build-windows-i586-cygwin\jdk8u31\2394\hotspot\src\share\vm\prims\jvm.cpp, line 1312]
Event: 8.737 Thread 0x14fd5400 Exception <a 'java/security/PrivilegedActionException'> (0x0462dce8) thrown at [C:\re\workspace\8-2-build-windows-i586-cygwin\jdk8u31\2394\hotspot\src\share\vm\prims\jvm.cpp, line 1312]
Event: 8.738 Thread 0x14fd5400 Exception <a 'java/security/PrivilegedActionException'> (0x0462f770) thrown at [C:\re\workspace\8-2-build-windows-i586-cygwin\jdk8u31\2394\hotspot\src\share\vm\prims\jvm.cpp, line 1312]

Events (10 events):
Event: 182.039 Executing VM operation: GenCollectForAllocation
Event: 182.040 Executing VM operation: GenCollectForAllocation done
Event: 182.076 Executing VM operation: GenCollectForAllocation
Event: 182.077 Executing VM operation: GenCollectForAllocation done
Event: 182.110 Executing VM operation: GenCollectForAllocation
Event: 182.113 Executing VM operation: GenCollectForAllocation done
Event: 182.149 Executing VM operation: GenCollectForAllocation
Event: 182.150 Executing VM operation: GenCollectForAllocation done
Event: 195.423 Executing VM operation: GenCollectFull
Event: 195.438 Executing VM operation: GenCollectFull done


Dynamic libraries:
0x00d00000 - 0x00d30000 	C:\Program Files (x86)\Java\jre1.8.0_31\bin\javaw.exe
0x77880000 - 0x779e7000 	C:\WINDOWS\SYSTEM32\ntdll.dll
0x76a00000 - 0x76b40000 	C:\WINDOWS\SYSTEM32\KERNEL32.DLL
0x77190000 - 0x77260000 	C:\WINDOWS\SYSTEM32\KERNELBASE.dll
0x70bf0000 - 0x70c89000 	C:\WINDOWS\system32\apphelp.dll
0x5f720000 - 0x5f979000 	C:\WINDOWS\AppPatch\AcGenral.DLL
0x76e10000 - 0x76ece000 	C:\WINDOWS\SYSTEM32\msvcrt.dll
0x75660000 - 0x7569e000 	C:\WINDOWS\SYSTEM32\sechost.dll
0x75280000 - 0x7529d000 	C:\WINDOWS\SYSTEM32\SspiCli.dll
0x773f0000 - 0x77431000 	C:\WINDOWS\SYSTEM32\SHLWAPI.dll
0x72ae0000 - 0x72bbb000 	C:\WINDOWS\SYSTEM32\UxTheme.dll
0x77040000 - 0x7718c000 	C:\WINDOWS\SYSTEM32\USER32.dll
0x76f30000 - 0x77037000 	C:\WINDOWS\SYSTEM32\GDI32.dll
0x72110000 - 0x72130000 	C:\WINDOWS\SYSTEM32\WINMM.dll
0x67970000 - 0x67982000 	C:\WINDOWS\SYSTEM32\samcli.dll
0x775f0000 - 0x776fc000 	C:\WINDOWS\SYSTEM32\ole32.dll
0x75750000 - 0x757e5000 	C:\WINDOWS\SYSTEM32\OLEAUT32.dll
0x6fce0000 - 0x6fcf5000 	C:\WINDOWS\SYSTEM32\MSACM32.dll
0x72cd0000 - 0x72cd8000 	C:\WINDOWS\SYSTEM32\VERSION.dll
0x757f0000 - 0x769a7000 	C:\WINDOWS\SYSTEM32\SHELL32.dll
0x72d20000 - 0x72d39000 	C:\WINDOWS\SYSTEM32\USERENV.dll
0x72320000 - 0x72338000 	C:\WINDOWS\SYSTEM32\dwmapi.dll
0x723b0000 - 0x724fa000 	C:\WINDOWS\SYSTEM32\urlmon.dll
0x77260000 - 0x772d8000 	C:\WINDOWS\SYSTEM32\ADVAPI32.dll
0x72340000 - 0x7239e000 	C:\WINDOWS\SYSTEM32\WINSPOOL.DRV
0x70170000 - 0x70184000 	C:\WINDOWS\SYSTEM32\MPR.dll
0x756a0000 - 0x75750000 	C:\WINDOWS\SYSTEM32\RPCRT4.dll
0x75270000 - 0x75279000 	C:\WINDOWS\SYSTEM32\CRYPTBASE.dll
0x75340000 - 0x7548e000 	C:\WINDOWS\SYSTEM32\combase.dll
0x71cd0000 - 0x71cf0000 	C:\WINDOWS\SYSTEM32\WINMMBASE.dll
0x74a50000 - 0x74a5e000 	C:\WINDOWS\SYSTEM32\profapi.dll
0x71ed0000 - 0x72102000 	C:\WINDOWS\SYSTEM32\iertutil.dll
0x71cf0000 - 0x71ec5000 	C:\WINDOWS\SYSTEM32\WININET.dll
0x75210000 - 0x75262000 	C:\WINDOWS\SYSTEM32\bcryptPrimitives.dll
0x76b40000 - 0x76b7a000 	C:\WINDOWS\SYSTEM32\cfgmgr32.dll
0x71cb0000 - 0x71ccf000 	C:\WINDOWS\SYSTEM32\DEVOBJ.dll
0x74a60000 - 0x74ad6000 	C:\WINDOWS\SYSTEM32\SHCORE.DLL
0x76d20000 - 0x76d45000 	C:\WINDOWS\system32\IMM32.DLL
0x772f0000 - 0x773e7000 	C:\WINDOWS\SYSTEM32\MSCTF.dll
0x70df0000 - 0x70fd6000 	C:\WINDOWS\WinSxS\x86_microsoft.windows.common-controls_6595b64144ccf1df_6.0.9600.17031_none_a9efdb8b01377ea7\COMCTL32.dll
0x60aa0000 - 0x60b5f000 	C:\Program Files (x86)\Java\jre1.8.0_31\bin\msvcr100.dll
0x648e0000 - 0x64c84000 	C:\Program Files (x86)\Java\jre1.8.0_31\bin\client\jvm.dll
0x6f5c0000 - 0x6f5c8000 	C:\WINDOWS\SYSTEM32\WSOCK32.dll
0x772e0000 - 0x772e6000 	C:\WINDOWS\SYSTEM32\PSAPI.DLL
0x769b0000 - 0x769fd000 	C:\WINDOWS\SYSTEM32\WS2_32.dll
0x77700000 - 0x77707000 	C:\WINDOWS\SYSTEM32\NSI.dll
0x71120000 - 0x7112c000 	C:\Program Files (x86)\Java\jre1.8.0_31\bin\verify.dll
0x710f0000 - 0x71111000 	C:\Program Files (x86)\Java\jre1.8.0_31\bin\java.dll
0x710d0000 - 0x710e3000 	C:\Program Files (x86)\Java\jre1.8.0_31\bin\zip.dll
0x5f5d0000 - 0x5f716000 	C:\Program Files (x86)\Java\jre1.8.0_31\bin\awt.dll
0x73f40000 - 0x73f49000 	C:\WINDOWS\SYSTEM32\kernel.appcore.dll
0x718e0000 - 0x718fd000 	C:\Program Files (x86)\OpenNI\Bin\OpenNI.jni.dll
0x71890000 - 0x718e0000 	C:\PROGRAM FILES (X86)\OPENNI\BIN\OpenNI.dll
0x73570000 - 0x73613000 	C:\WINDOWS\WinSxS\x86_microsoft.vc90.crt_1fc8b3b9a1e18e3b_9.0.30729.8387_none_5094ca96bcb6b2bb\MSVCR90.dll
0x754b0000 - 0x7565d000 	C:\WINDOWS\SYSTEM32\SETUPAPI.dll
0x715b0000 - 0x715c8000 	C:\Program Files (x86)\OpenNI\bin\nimRecorder.dll
0x71590000 - 0x715aa000 	C:\Program Files (x86)\OpenNI\bin\nimMockNodes.dll
0x71540000 - 0x71589000 	C:\Program Files (x86)\OpenNI\bin\nimCodecs.dll
0x64260000 - 0x64295000 	C:\Program Files (x86)\PrimeSense\Sensor\Bin\XnDeviceFile.dll
0x71350000 - 0x7135d000 	C:\Program Files (x86)\PrimeSense\Sensor\Bin\XnCore.dll
0x5f550000 - 0x5f5cd000 	C:\Program Files (x86)\PrimeSense\Sensor\Bin\XnDDK.dll
0x5f4f0000 - 0x5f54b000 	C:\Program Files (x86)\PrimeSense\Sensor\Bin\XnFormats.dll
0x5f460000 - 0x5f4e3000 	C:\Program Files (x86)\PrimeSense\Sensor\Bin\XnDeviceSensorV2.dll
0x5f1c0000 - 0x5f458000 	C:\Program Files (x86)\PrimeSense\NITE\Features_1_3_0\Bin\XnVFeatures_1_3_0.dll
0x711e0000 - 0x7126e000 	C:\WINDOWS\WinSxS\x86_microsoft.vc90.crt_1fc8b3b9a1e18e3b_9.0.30729.8387_none_5094ca96bcb6b2bb\MSVCP90.dll
0x5ef70000 - 0x5f1bf000 	C:\Program Files (x86)\PrimeSense\NITE\Features_1_3_1\Bin\XnVFeatures_1_3_1.dll
0x5ed50000 - 0x5ef69000 	C:\Program Files (x86)\PrimeSense\NITE\Features_1_4_1\Bin\XnVFeatures_1_4_1.dll
0x5eb30000 - 0x5ed46000 	C:\Program Files (x86)\PrimeSense\NITE\Features_1_4_2\Bin\XnVFeatures_1_4_2.dll
0x5e820000 - 0x5eb27000 	C:\Program Files (x86)\PrimeSense\NITE\Features_1_5_2\Bin\XnVFeatures_1_5_2.dll
0x5e740000 - 0x5e817000 	C:\Program Files (x86)\PrimeSense\NITE\Hands_1_3_0\Bin\XnVHandGenerator_1_3_0.dll
0x5e660000 - 0x5e73c000 	C:\Program Files (x86)\PrimeSense\NITE\Hands_1_3_1\Bin\XnVHandGenerator_1_3_1.dll
0x5e580000 - 0x5e65d000 	C:\Program Files (x86)\PrimeSense\NITE\Hands_1_4_1\Bin\XnVHandGenerator_1_4_1.dll
0x5e4a0000 - 0x5e57d000 	C:\Program Files (x86)\PrimeSense\NITE\Hands_1_4_2\Bin\XnVHandGenerator_1_4_2.dll
0x5e3b0000 - 0x5e49c000 	C:\Program Files (x86)\PrimeSense\NITE\Hands_1_5_2\Bin\XnVHandGenerator_1_5_2.dll
0x76dd0000 - 0x76e08000 	C:\WINDOWS\SYSTEM32\WINTRUST.dll
0x76b90000 - 0x76d18000 	C:\WINDOWS\SYSTEM32\CRYPT32.dll
0x777a0000 - 0x777ae000 	C:\WINDOWS\SYSTEM32\MSASN1.dll
0x72600000 - 0x72645000 	C:\WINDOWS\system32\mswsock.dll
0x64220000 - 0x64259000 	C:\Program Files (x86)\Java\jre1.8.0_31\bin\fontmanager.dll
0x665c0000 - 0x665f7000 	C:\Program Files\Lenovo\Bluetooth Software\SysWOW64\BtMmHook.dll
0x76d50000 - 0x76dcd000 	C:\WINDOWS\SYSTEM32\clbcatq.dll
0x6fb30000 - 0x6fc9b000 	C:\WINDOWS\SYSTEM32\WindowsCodecs.dll
0x72c40000 - 0x72c58000 	C:\WINDOWS\SYSTEM32\CRYPTSP.dll
0x72c10000 - 0x72c3f000 	C:\WINDOWS\system32\rsaenh.dll
0x72bf0000 - 0x72c0d000 	C:\WINDOWS\SYSTEM32\bcrypt.dll
0x710b0000 - 0x710c5000 	C:\Program Files (x86)\Java\jre1.8.0_31\bin\net.dll
0x710a0000 - 0x710af000 	C:\Program Files (x86)\Java\jre1.8.0_31\bin\nio.dll
0x5e380000 - 0x5e3b0000 	C:\Program Files (x86)\Java\jre1.8.0_31\bin\t2k.dll
0x70c90000 - 0x70dd8000 	C:\WINDOWS\SYSTEM32\dbghelp.dll

VM Arguments:
jvm_args: -Dfile.encoding=Cp1257 
java_command: usertracking.prototype.gui.TrackerViewBoardNew
java_class_path (initial): C:\MYFILES\Workspace\UserTracker.Prototype\bin;C:\OpenNI\Bin64\org.OpenNI.jar;C:\OPENCV\opencv\build\java\opencv-249.jar;C:\Program Files (x86)\Java\Java3D\1.5.1\lib\ext\j3dcore.jar;C:\Program Files (x86)\Java\Java3D\1.5.1\lib\ext\j3dutils.jar;C:\Program Files (x86)\Java\Java3D\1.5.1\lib\ext\vecmath.jar;C:\MYFILES\JDT\kepler\plugins\org.junit_4.11.0.v201303080030\junit.jar;C:\MYFILES\JDT\kepler\plugins\org.hamcrest.core_1.3.0.v201303031735.jar
Launcher Type: SUN_STANDARD

Environment Variables:
JAVA_HOME=C:\Program Files (x86)\Java\jre1.8.0_31
CLASSPATH=CLASSPATH=C:\MYFILES\JADE\lib\jade.jar;C:\MYFILES\JADE\lib\jadeTools.jar;C:\MYFILES\JADE\lib\http.jar;C:\MYFILES\JADE\lib\iiop.jar;C:\MYFILES\JADE\lib\commons-codec\commons-codec-1.3.jar;C:\MYFILES\JADE\classes;C:\OpenNI\Bin64\org.OpenNI.jar;C:\Program Files (x86)\OpenNI\Bin\org.OpenNI.jar
PATH=C:/Program Files (x86)/Java/jre1.8.0_31/bin/client;C:/Program Files (x86)/Java/jre1.8.0_31/bin;C:/Program Files (x86)/Java/jre1.8.0_31/lib/i386;C:\ProgramData\Oracle\Java\javapath;C:\PROGRAM FILES\BROADCOM\BROADCOM 802.11 NETWORK ADAPTER\DRIVER;C:\PROGRAM FILES (X86)\INTEL\ICLS CLIENT\;C:\PROGRAM FILES\INTEL\ICLS CLIENT\;C:\WINDOWS\SYSTEM32;C:\WINDOWS;C:\WINDOWS\SYSTEM32\WBEM;C:\WINDOWS\SYSTEM32\WINDOWSPOWERSHELL\V1.0\;;C:\PROGRAM FILES (X86)\INTEL\OPENCL SDK\2.0\BIN\X86;C:\PROGRAM FILES (X86)\INTEL\OPENCL SDK\2.0\BIN\X64;C:\PROGRAM FILES\LENOVO FINGERPRINT READER\;C:\PROGRAM FILES\LENOVO FINGERPRINT READER\X86\;C:\PROGRAMDATA\LENOVO\READYAPPS;C:\PROGRAM FILES (X86)\JAVA\JRE7\BIN;C:\Program Files (x86)\Java\jre1.8.0_31\BIN;C:\MYFILES\JDT\maven\bin;C:\PROGRAM FILES\TORTOISESVN\BIN;C:\OPENNI\BIN64;C:\PROGRAM FILES (X86)\OPENNI\BIN;C:\PRIMESENSE\NITE\BIN64;C:\PROGRAM FILES (X86)\PRIMESENSE\NITE\BIN;C:\PROGRAM FILES\INTEL\INTEL(R) MANAGEMENT ENGINE COMPONENTS\DAL;C:\PROGRAM FILES\INTEL\INTEL(R) MANAGEMENT ENGINE COMPONENTS\IPT;C:\PROGRAM FILES (X86)\INTEL\INTEL(R) MANAGEMENT ENGINE COMPONENTS\DAL;C:\PROGRAM FILES (X86)\INTEL\INTEL(R) MANAGEMENT ENGINE COMPONENTS\IPT;C:\Program Files\Lenovo\Bluetooth Software\;C:\Program Files\Lenovo\Bluetooth Software\syswow64;C:\Python27;C:\Program Files (x86)\Estonian ID Card\;C:\MYFILES\JDT\kepler;
USERNAME=Roman
OS=Windows_NT
PROCESSOR_IDENTIFIER=Intel64 Family 6 Model 42 Stepping 7, GenuineIntel



---------------  S Y S T E M  ---------------

OS: Windows 8.1 , 64 bit Build 9600 

CPU:total 4 (2 cores per cpu, 2 threads per core) family 6 model 42 stepping 7, cmov, cx8, fxsr, mmx, sse, sse2, sse3, ssse3, sse4.1, sse4.2, popcnt, avx, clmul, ht, tsc, tscinvbit

Memory: 4k page, physical 4042984k(1801504k free), swap 5353704k(2694124k free)

vm_info: Java HotSpot(TM) Client VM (25.31-b07) for windows-x86 JRE (1.8.0_31-b13), built on Dec 17 2014 20:46:12 by "java_re" with MS VC++ 10.0 (VS2010)

time: Tue Feb 03 16:59:17 2015
elapsed time: 195 seconds (0d 0h 3m 15s)

